RESERVADO with
ID Ada
DOT .
ID Text
ID _IO
SEMICOLON ;
RESERVADO use
ID Ada
DOT .
ID Text
ID _IO
SEMICOLON ;
RESERVADO with
ID Ada
DOT .
ID Integer
ID _Text
ID _IO
SEMICOLON ;
RESERVADO use
ID Ada
DOT .
ID Integer
ID _Text
ID _IO
SEMICOLON ;
RESERVADO with
ID Ada
DOT .
ID Numerics
SEMICOLON ;
RESERVADO use
ID Ada
DOT .
ID Numerics
SEMICOLON ;
RESERVADO procedure
ID Lab1
RESERVADO is
RESERVADO type
ID ponto
ID _t
RESERVADO is
RESERVADO record
ID x
COLON :
ID Integer
SEMICOLON ;
ID y
COLON :
ID Integer
SEMICOLON ;
RESERVADO end
RESERVADO record
SEMICOLON ;
RESERVADO type
ID Vetor
ID _Ponto
RESERVADO is
RESERVADO array
LPARENTHESIS (
ID Natural
RESERVADO range
